INFO: 2017-09-20 19:36:54,304: perform_upgrade() 'Last run version was 0.6.5 or earlier, current version is 0.6.5'
INFO: 2017-09-20 19:36:54,305: process_command() 'Received command: []'
INFO: 2017-09-20 19:36:54,309: load_banned() 'Missing or invalid banned URLs list, no URLs will be banned'
INFO: 2017-09-20 19:36:54,319: load() 'Jumble loading'
INFO: 2017-09-20 19:36:54,319: _walk_modules() 'Jumble loading module in __init__ from /usr/share/variety/plugins/__init__.py'
INFO: 2017-09-20 19:36:54,320: _walk_modules() 'Jumble loading module in LocalFilesSource from /usr/share/variety/plugins/quotes/LocalFilesSource.py'
INFO: 2017-09-20 19:36:54,320: load() 'Jumble found plugin class: <class 'LocalFilesSource.LocalFilesSource'>: {'author': 'Peter Levi', 'name': 'Local text files', 'version': '0.1', 'description': u'\u30ed\u30fc\u30ab\u30eb\u30fb\u30c6\u30ad\u30b9\u30c8\u30d5\u30a1\u30a4\u30eb\u306e\u540d\u8a00\u3092\u8868\u793a\u3057\u307e\u3059\u3002\n~/.config/variety/pluginconfig/quotes/ \u306b xxx.txt \u30d5\u30a1\u30a4\u30eb\u3092\u7f6e\u304d\u307e\u3059\u3002\n\u30d5\u30a1\u30a4\u30eb\u306e\u30d5\u30a9\u30fc\u30de\u30c3\u30c8\u306f:\n\n\u540d\u8a00 -- \u4f5c\u8005\n.\n\u6b21\u306e\u540d\u8a00 -- \u5225\u306e\u4f5c\u8005\n.\netc...\n\n\u4f8b: http://rvelthuis.de/zips/quotes.txt'}'
INFO: 2017-09-20 19:36:54,320: _walk_modules() 'Jumble loading module in QuotesDaddySource from /usr/share/variety/plugins/quotes/QuotesDaddySource.py'
INFO: 2017-09-20 19:36:54,321: load() 'Jumble found plugin class: <class 'QuotesDaddySource.QuotesDaddySource'>: {'author': 'Peter Levi', 'name': 'QuotesDaddy', 'version': '0.1', 'description': u'QuotesDaddy\u306e\u4eca\u65e5\u306e\u4e00\u8a00\u306eRSS\u30d5\u30a3\u30fc\u30c9\u3092\u53d6\u308a\u8fbc\u307f\u307e\u3059\u3002\n\u30bf\u30b0\u3084\u4f5c\u8005\u306e\u6307\u5b9a\u306f\u3067\u304d\u307e\u305b\u3093\u3002'}'
INFO: 2017-09-20 19:36:54,321: _walk_modules() 'Jumble loading module in GoodreadsSource from /usr/share/variety/plugins/quotes/GoodreadsSource.py'
INFO: 2017-09-20 19:36:54,322: _walk_modules() 'Jumble loading module in QuotationsPageSource from /usr/share/variety/plugins/quotes/QuotationsPageSource.py'
INFO: 2017-09-20 19:36:54,322: _walk_modules() 'Jumble loading module in __init__ from /usr/share/variety/plugins/quotes/__init__.py'
INFO: 2017-09-20 19:36:54,326: reload_config() 'Creating new downloader for type 19, location Recommended by Variety. Adapts to your taste as you mark images as favorite or trash.'
ERROR: 2017-09-20 19:36:54,326: reload_config() 'Could not create Downloader for type 19, location Recommended by Variety. Adapts to your taste as you mark images as favorite or trash.'
Traceback (most recent call last):
  File "/usr/lib/python2.7/dist-packages/variety/VarietyWindow.py", line 413, in reload_config
    dlr = self.create_downloader(type, location)
  File "/usr/lib/python2.7/dist-packages/variety/VarietyWindow.py", line 548, in create_downloader
    raise Exception('No Smart user yet, not a problem')
Exception: No Smart user yet, not a problem
INFO: 2017-09-20 19:36:54,327: reload_config() 'Creating new downloader for type 6, location Random wallpapers from Desktoppr.co'
INFO: 2017-09-20 19:36:54,327: reload_config() 'Creating new downloader for type 15, location Bing Photo of the Day'
INFO: 2017-09-20 19:36:54,327: reload_config() 'Creating new downloader for type 16, location High-resolution photos from Unsplash.com'
INFO: 2017-09-20 19:36:54,327: reload_config() 'Creating new downloader for type 8, location NASA's Astronomy Picture of the Day'
INFO: 2017-09-20 19:36:54,327: reload_config() 'Creating new downloader for type 7, location user:www.flickr.com/photos/peter-levi/;user_id:93647178@N00;'
INFO: 2017-09-20 19:36:54,328: log_options() 'Loaded options:'
INFO: 2017-09-20 19:36:54,328: log_options() 'change_enabled = True'
INFO: 2017-09-20 19:36:54,328: log_options() 'change_interval = 300'
INFO: 2017-09-20 19:36:54,328: log_options() 'change_on_start = False'
INFO: 2017-09-20 19:36:54,328: log_options() 'clipboard_enabled = False'
INFO: 2017-09-20 19:36:54,328: log_options() 'clipboard_hosts = [u'wallhaven.cc', u'ns223506.ovh.net', u'wallpapers.net', u'flickr.com', u'imgur.com', u'deviantart.com', u'interfacelift.com', u'vladstudio.com', u'imageshack.us']'
INFO: 2017-09-20 19:36:54,329: log_options() 'clipboard_use_whitelist = True'
INFO: 2017-09-20 19:36:54,329: log_options() 'clock_date_font = Ubuntu Condensed, 30'
INFO: 2017-09-20 19:36:54,329: log_options() 'clock_enabled = False'
INFO: 2017-09-20 19:36:54,329: log_options() 'clock_filter = -density 100 -font `fc-match -f '%{file[0]}' '%CLOCK_FONT_NAME'` -pointsize %CLOCK_FONT_SIZE -gravity SouthEast -fill '#00000044' -annotate 0x0+[%HOFFSET+58]+[%VOFFSET+108] '%H:%M' -fill white -annotate 0x0+[%HOFFSET+60]+[%VOFFSET+110] '%H:%M' -font `fc-match -f '%{file[0]}' '%DATE_FONT_NAME'` -pointsize %DATE_FONT_SIZE -fill '#00000044' -annotate 0x0+[%HOFFSET+58]+[%VOFFSET+58] '%A, %B %d' -fill white -annotate 0x0+[%HOFFSET+60]+[%VOFFSET+60] '%A, %B %d''
INFO: 2017-09-20 19:36:54,329: log_options() 'clock_font = Ubuntu Condensed, 70'
INFO: 2017-09-20 19:36:54,329: log_options() 'configfile = /home/nsi/.config/variety/variety.conf'
INFO: 2017-09-20 19:36:54,329: log_options() 'copyto_enabled = False'
INFO: 2017-09-20 19:36:54,329: log_options() 'copyto_folder = Default'
INFO: 2017-09-20 19:36:54,329: log_options() 'desired_color = [160, 160, 160]'
INFO: 2017-09-20 19:36:54,330: log_options() 'desired_color_enabled = False'
INFO: 2017-09-20 19:36:54,330: log_options() 'download_enabled = True'
INFO: 2017-09-20 19:36:54,330: log_options() 'download_folder = /home/nsi/.config/variety/Downloaded'
INFO: 2017-09-20 19:36:54,330: log_options() 'download_interval = 600'
INFO: 2017-09-20 19:36:54,330: log_options() 'facebook_message = '
INFO: 2017-09-20 19:36:54,330: log_options() 'facebook_show_dialog = True'
INFO: 2017-09-20 19:36:54,330: log_options() 'favorites_folder = /home/nsi/.config/variety/Favorites'
INFO: 2017-09-20 19:36:54,330: log_options() 'favorites_operations = [[u'Downloaded', u'Copy'], [u'Fetched', u'Move'], [u'Others', u'Copy']]'
INFO: 2017-09-20 19:36:54,330: log_options() 'fetched_folder = /home/nsi/.config/variety/Fetched'
INFO: 2017-09-20 19:36:54,331: log_options() 'filters = [[False, u'Keep original', u''], [False, u'Grayscale', u'-type Grayscale'], [False, u'Heavy blur', u'-blur 120x40'], [False, u'Soft blur', u'-blur 20x7'], [False, u'Oil painting', u'-paint 8'], [False, u'Pencil sketch', u'-colorspace gray \\( +clone -tile ~/.config/variety/pencil_tile.png -draw "color 0,0 reset" +clone +swap -compose color_dodge -composite \\) -fx \'u*.2+v*.8\''], [False, u'Pointilism', u'-spread 10 -noise 3'], [False, u'Pixellate', u'-scale 3% -scale 3333%']]'
INFO: 2017-09-20 19:36:54,331: log_options() 'icon = Light'
INFO: 2017-09-20 19:36:54,331: log_options() 'lightness_enabled = False'
INFO: 2017-09-20 19:36:54,331: log_options() 'lightness_mode = 0'
INFO: 2017-09-20 19:36:54,331: log_options() 'min_rating = 4'
INFO: 2017-09-20 19:36:54,331: log_options() 'min_rating_enabled = False'
INFO: 2017-09-20 19:36:54,331: log_options() 'min_size = 80'
INFO: 2017-09-20 19:36:54,331: log_options() 'min_size_enabled = False'
INFO: 2017-09-20 19:36:54,331: log_options() 'quota_enabled = True'
INFO: 2017-09-20 19:36:54,331: log_options() 'quota_size = 500'
INFO: 2017-09-20 19:36:54,331: log_options() 'quotes_authors = '
INFO: 2017-09-20 19:36:54,332: log_options() 'quotes_bg_color = [80, 80, 80]'
INFO: 2017-09-20 19:36:54,332: log_options() 'quotes_bg_opacity = 55'
INFO: 2017-09-20 19:36:54,332: log_options() 'quotes_change_enabled = False'
INFO: 2017-09-20 19:36:54,332: log_options() 'quotes_change_interval = 300'
INFO: 2017-09-20 19:36:54,332: log_options() 'quotes_disabled_sources = [u'QuotesDaddy']'
INFO: 2017-09-20 19:36:54,332: log_options() 'quotes_enabled = False'
INFO: 2017-09-20 19:36:54,332: log_options() 'quotes_favorites_file = /home/nsi/.config/variety/favorite_quotes.txt'
INFO: 2017-09-20 19:36:54,332: log_options() 'quotes_font = Bitstream Charter 30'
INFO: 2017-09-20 19:36:54,332: log_options() 'quotes_hpos = 100'
INFO: 2017-09-20 19:36:54,332: log_options() 'quotes_tags = '
INFO: 2017-09-20 19:36:54,332: log_options() 'quotes_text_color = [255, 255, 255]'
INFO: 2017-09-20 19:36:54,332: log_options() 'quotes_text_shadow = False'
INFO: 2017-09-20 19:36:54,333: log_options() 'quotes_vpos = 40'
INFO: 2017-09-20 19:36:54,333: log_options() 'quotes_width = 70'
INFO: 2017-09-20 19:36:54,333: log_options() 'safe_mode = False'
INFO: 2017-09-20 19:36:54,333: log_options() 'slideshow_custom_enabled = False'
INFO: 2017-09-20 19:36:54,333: log_options() 'slideshow_custom_folder = /home/nsi/Pictures'
INFO: 2017-09-20 19:36:54,333: log_options() 'slideshow_downloads_enabled = False'
INFO: 2017-09-20 19:36:54,333: log_options() 'slideshow_fade = 0.4'
INFO: 2017-09-20 19:36:54,333: log_options() 'slideshow_favorites_enabled = True'
INFO: 2017-09-20 19:36:54,333: log_options() 'slideshow_mode = Fullscreen'
INFO: 2017-09-20 19:36:54,333: log_options() 'slideshow_monitor = All'
INFO: 2017-09-20 19:36:54,333: log_options() 'slideshow_pan = 0.05'
INFO: 2017-09-20 19:36:54,333: log_options() 'slideshow_seconds = 6.0'
INFO: 2017-09-20 19:36:54,334: log_options() 'slideshow_sort_order = Random'
INFO: 2017-09-20 19:36:54,334: log_options() 'slideshow_sources_enabled = True'
INFO: 2017-09-20 19:36:54,334: log_options() 'slideshow_zoom = 0.2'
INFO: 2017-09-20 19:36:54,334: log_options() 'smart_enabled = True'
INFO: 2017-09-20 19:36:54,334: log_options() 'smart_notice_shown = True'
INFO: 2017-09-20 19:36:54,334: log_options() 'smart_register_shown = True'
INFO: 2017-09-20 19:36:54,334: log_options() 'sources = [[True, 3, u'The Favorites folder'], [True, 4, u'The Fetched folder'], [True, 19, u'Recommended by Variety. Adapts to your taste as you mark images as favorite or trash.'], [False, 20, u'Latest favorites by the other users of Variety. [May contain NSFW images]'], [True, 2, u'/usr/share/backgrounds'], [True, 6, u'Random wallpapers from Desktoppr.co'], [True, 15, u'Bing Photo of the Day'], [True, 16, u'High-resolution photos from Unsplash.com'], [True, 8, u"NASA's Astronomy Picture of the Day"], [False, 11, u'World Sunlight Map - live wallpaper from Die.net'], [True, 7, u'user:www.flickr.com/photos/peter-levi/;user_id:93647178@N00;']]'
INFO: 2017-09-20 19:36:54,334: log_options() 'stats_enabled = True'
INFO: 2017-09-20 19:36:54,334: log_options() 'stats_notice_shown = True'
INFO: 2017-09-20 19:36:54,334: log_options() 'sync_enabled = True'
INFO: 2017-09-20 19:36:54,334: log_options() 'use_landscape_enabled = True'
INFO: 2017-09-20 19:36:54,334: reload_config() 'No need to clear prepared queue'
INFO: 2017-09-20 19:36:54,335: load_last_change_time() 'Change interval < 6 hours, ignore persisted last_change_time, wait initially the whole interval: 300'
INFO: 2017-09-20 19:36:54,335: update_indicator() 'Setting file info to: /usr/share/backgrounds/Xerus_Wallpaper_Grey_4096x2304.png'
INFO: 2017-09-20 19:36:54,336: regular_change_thread() 'regular_change thread running'
INFO: 2017-09-20 19:36:54,337: prepare_thread() 'Prepare thread running'
INFO: 2017-09-20 19:36:54,337: prepare_thread() 'Prepared buffer contains 0 images'
INFO: 2017-09-20 19:36:54,337: prepare_thread() 'Preparing some images'
INFO: 2017-09-20 19:36:54,339: _run() 'sync: Started, hash cd70b91f14eb87a75658f3709792617f'
INFO: 2017-09-20 19:36:54,340: update_indicator_icon() 'Creating indicator'
INFO: 2017-09-20 19:36:54,340: load_user() 'smart: Missing smart_user.json, creating new smart user'
INFO: 2017-09-20 19:36:54,372: new_user() 'smart: Creating new smart user'
INFO: 2017-09-20 19:36:54,407: prepare_thread() 'After search prepared buffer contains 35 images'
INFO: 2017-09-20 19:36:54,435: do_set_wp() 'Calling do_set_wp with /usr/share/backgrounds/Xerus_Wallpaper_Grey_4096x2304.png, time: 1505903814.44'
INFO: 2017-09-20 19:36:54,446: set_from_theme_icon() 'Showing indicator icon variety-indicator from GTK theme'
INFO: 2017-09-20 19:36:54,447: update_indicator() 'Setting file info to: /usr/share/backgrounds/Xerus_Wallpaper_Grey_4096x2304.png'
INFO: 2017-09-20 19:36:54,448: update_indicator() 'Setting file info to: /usr/share/backgrounds/Xerus_Wallpaper_Grey_4096x2304.png'
INFO: 2017-09-20 19:36:55,790: reload() 'Reloading preferences dialog'
ERROR: 2017-09-20 19:36:57,767: _run() 'sync: Could not load or create smart user'
Traceback (most recent call last):
  File "/usr/lib/python2.7/dist-packages/variety/Smart.py", line 516, in _run
    self.load_user(create_if_missing=True)
  File "/usr/lib/python2.7/dist-packages/variety/Smart.py", line 128, in load_user
    self.new_user()
  File "/usr/lib/python2.7/dist-packages/variety/Smart.py", line 136, in new_user
    self.user = Util.fetch_json(Smart.API_URL + '/newuser')
  File "/usr/lib/python2.7/dist-packages/variety/Util.py", line 534, in fetch_json
    return Util.request(url, data).json()
  File "/usr/lib/python2.7/dist-packages/variety/Util.py", line 507, in request
    r.raise_for_status()
  File "/usr/lib/python2.7/dist-packages/requests/models.py", line 840, in raise_for_status
    raise HTTPError(http_error_msg, response=self)
HTTPError: 503 Server Error: Service Temporarily Unavailable for url: https://vrty.org/api/newuser
INFO: 2017-09-20 19:36:57,768: load_user() 'smart: Missing smart_user.json, creating new smart user'
INFO: 2017-09-20 19:36:57,768: new_user() 'smart: Creating new smart user'
INFO: 2017-09-20 19:36:59,696: load_user() 'smart: Missing smart_user.json, creating new smart user'
INFO: 2017-09-20 19:36:59,697: new_user() 'smart: Creating new smart user'
INFO: 2017-09-20 19:37:01,497: load_user() 'smart: Missing smart_user.json, creating new smart user'
INFO: 2017-09-20 19:37:01,499: new_user() 'smart: Creating new smart user'
INFO: 2017-09-20 19:37:03,564: _run() 'sync: Started, hash ff47c9aa2b84bd6e34e19e9feb1e9c82'
INFO: 2017-09-20 19:37:03,565: load_user() 'smart: Missing smart_user.json, creating new smart user'
INFO: 2017-09-20 19:37:03,565: new_user() 'smart: Creating new smart user'
INFO: 2017-09-20 19:37:03,617: update_indicator() 'Setting file info to: /usr/share/backgrounds/Xerus_Wallpaper_Grey_4096x2304.png'
ERROR: 2017-09-20 19:37:05,531: _run() 'sync: Could not load or create smart user'
Traceback (most recent call last):
  File "/usr/lib/python2.7/dist-packages/variety/Smart.py", line 516, in _run
    self.load_user(create_if_missing=True)
  File "/usr/lib/python2.7/dist-packages/variety/Smart.py", line 128, in load_user
    self.new_user()
  File "/usr/lib/python2.7/dist-packages/variety/Smart.py", line 136, in new_user
    self.user = Util.fetch_json(Smart.API_URL + '/newuser')
  File "/usr/lib/python2.7/dist-packages/variety/Util.py", line 534, in fetch_json
    return Util.request(url, data).json()
  File "/usr/lib/python2.7/dist-packages/variety/Util.py", line 507, in request
    r.raise_for_status()
  File "/usr/lib/python2.7/dist-packages/requests/models.py", line 840, in raise_for_status
    raise HTTPError(http_error_msg, response=self)
HTTPError: 503 Server Error: Service Temporarily Unavailable for url: https://vrty.org/api/newuser
INFO: 2017-09-20 19:37:14,354: stats_report_config() 'Stats: Reporting config anonymously'
INFO: 2017-09-20 19:37:14,361: server_options_thread() 'Fetching server options from http://tiny.cc/variety-options-063'
ERROR: 2017-09-20 19:37:16,217: reporting_thread_method() 'Stats: Could not report config'
Traceback (most recent call last):
  File "/usr/lib/python2.7/dist-packages/variety/VarietyWindow.py", line 996, in reporting_thread_method
    self.smart.stats_report_config()
  File "/usr/lib/python2.7/dist-packages/variety/Smart.py", line 851, in stats_report_config
    res = Util.fetch_json(Smart.API_URL + '/stats/%s/report-config' % statsid, data=data)
  File "/usr/lib/python2.7/dist-packages/variety/Util.py", line 534, in fetch_json
    return Util.request(url, data).json()
  File "/usr/lib/python2.7/dist-packages/variety/Util.py", line 507, in request
    r.raise_for_status()
  File "/usr/lib/python2.7/dist-packages/requests/models.py", line 840, in raise_for_status
    raise HTTPError(http_error_msg, response=self)
HTTPError: 500 Server Error: Internal Server Error for url: https://vrty.org/api/stats/q5849iwp9u/report-config
INFO: 2017-09-20 19:37:16,767: server_options_thread() 'Fetched server options: {u'unsplash': {u'min_fill_queue_interval': 1800, u'min_download_interval': 600}, u'wallpapers.net': {u'min_fill_queue_interval': 600, u'min_download_interval': 0}, u'wallhaven': {u'min_fill_queue_interval': 1800, u'min_download_interval': 1800}, u'wallbase': {u'min_fill_queue_interval': 1800, u'min_download_interval': 1800}, u'flickr': {u'min_fill_queue_interval': 1200, u'min_download_interval': 1200}, u'status_message': {u'*': u'', u'0.0.1': u''}}'
INFO: 2017-09-20 19:37:23,676: set_wallpaper() 'Calling set_wallpaper with /home/nsi/.config/variety/Downloaded/Unsplash/9fBL04zfjW4.jpg'
INFO: 2017-09-20 19:37:23,676: prepare_thread() 'Prepared buffer contains 34 images'
INFO: 2017-09-20 19:37:23,678: do_set_wp() 'Calling do_set_wp with /home/nsi/.config/variety/Downloaded/Unsplash/9fBL04zfjW4.jpg, time: 1505903843.68'
INFO: 2017-09-20 19:37:23,715: update_indicator() 'Setting file info to: /home/nsi/.config/variety/Downloaded/Unsplash/9fBL04zfjW4.jpg'
INFO: 2017-09-20 19:37:38,609: check_quit() 'Terminating signal received, quitting...'
INFO: 2017-09-20 19:37:38,610: on_quit() 'Quitting'
