=========================
FCITX 4.2.9.1 -- Get Signal No.: 11
Date: try "date -d @1505870895" if you are using GNU date ***
ProcessID: 1469
/usr/bin/fcitx(+0x162f)[0x705133962f]
/lib/x86_64-linux-gnu/libc.so.6(+0x354b0)[0x7f0f841b44b0]
/lib/x86_64-linux-gnu/libdbus-1.so.3(+0x20cfc)[0x7f0f83775cfc]
/lib/x86_64-linux-gnu/libdbus-1.so.3(+0x21696)[0x7f0f83776696]
/lib/x86_64-linux-gnu/libdbus-1.so.3(+0x1096d)[0x7f0f8376596d]
/lib/x86_64-linux-gnu/libdbus-1.so.3(+0x10bc7)[0x7f0f83765bc7]
/lib/x86_64-linux-gnu/libdbus-1.so.3(+0x10c03)[0x7f0f83765c03]
/lib/x86_64-linux-gnu/libdbus-1.so.3(+0x10d53)[0x7f0f83765d53]
/lib/x86_64-linux-gnu/libdbus-1.so.3(+0x12028)[0x7f0f83767028]
/lib/x86_64-linux-gnu/libdbus-1.so.3(dbus_bus_remove_match+0x64)[0x7f0f83763e44]
/usr/lib/x86_64-linux-gnu/fcitx/fcitx-dbus.so(+0x2ab9)[0x7f0f839a3ab9]
/usr/lib/x86_64-linux-gnu/libfcitx-utils.so.0(+0x99e4)[0x7f0f8476f9e4]
/usr/lib/x86_64-linux-gnu/libfcitx-utils.so.0(fcitx_handler_table_free+0x24)[0x7f0f8476fd14]
/usr/lib/x86_64-linux-gnu/fcitx/fcitx-dbus.so(+0x20f7)[0x7f0f839a30f7]
/usr/lib/x86_64-linux-gnu/libfcitx-core.so.0(+0x8dab)[0x7f0f84b99dab]
/usr/lib/x86_64-linux-gnu/libfcitx-core.so.0(FcitxInstanceRun+0x210)[0x7f0f84b9a170]
/usr/bin/fcitx(+0xfec)[0x7051338fec]
/lib/x86_64-linux-gnu/libc.so.6(__libc_start_main+0xf0)[0x7f0f8419f830]
/usr/bin/fcitx(_start+0x29)[0x7051339069]
