Desktop is 1366 x 768 @ 60 Hz
[Package Manager] Server::Start -- Port 54409 was selected
npm ERR! missing: unity-editor-home@0.8.30, required by unity-editor@5.7.0
npm ERR! missing: unityeditor-cloud-hub@0.0.15, required by unity-editor@5.7.0
npm ERR! missing: unityeditor-collab-history@0.6.14, required by unity-editor@5.7.0
npm ERR! missing: unityeditor-collab-toolbar@0.7.14, required by unity-editor@5.7.0
ListPackages failed, output: {
  "name": "unity-editor",
  "version": "5.7.0",
  "problems": [
    "missing: unity-editor-home@0.8.30, required by unity-editor@5.7.0",
    "missing: unityeditor-cloud-hub@0.0.15, required by unity-editor@5.7.0",
    "missing: unityeditor-collab-history@0.6.14, required by unity-editor@5.7.0",
    "missing: unityeditor-collab-toolbar@0.7.14, required by unity-editor@5.7.0"
  ],
  "dependencies": {
    "unity-editor-home": {
      "required": "0.8.30",
      "missing": true
    },
    "unityeditor-cloud-hub": {
      "required": "0.0.15",
      "missing": true
    },
    "unityeditor-collab-history": {
      "required": "0.6.14",
      "missing": true
    },
    "unityeditor-collab-toolbar": {
      "required": "0.7.14",
      "missing": true
    }
  }
}

npm WARN unity-editor@5.7.0 No repository field.
npm WARN unity-editor@5.7.0 No license field.

 COMMAND LINE ARGUMENTS:
/opt/Unity/Editor/Unity
[1102/174147:ERROR:browser_main_loop.cc(161)] Running without the SUID sandbox! See https://code.google.com/p/chromium/wiki/LinuxSUIDSandboxDevelopment for more information on developing with the sandbox on.
ATTENTION: default value of option force_s3tc_enable overridden by environment.
[1102/174147:ERROR:gpu_process_transport_factory.cc(402)] Failed to establish GPU channel.
[1102/174147:ERROR:renderer_main.cc(227)] Running without renderer sandbox
[CEF] Unrecognized Content-Security-Policy directive 'base-uri'.
 in https://accounts.google.com/signin/oauth?client_id=103181425755-df55ghqk6m8h4jdogndh43702b551tqc.apps.googleusercontent.com&as=-3c1b258ec74f46d8&destination=https://api.unity.com&approval_state=!ChQyaGtuajFaanBwZWJzN0x1enlyShIfazNWcDVHMzVGaklSTUlqOWRic2JOcFowemxXLTl4VQ%E2%88%99AHw7d_cAAAAAWfwr9Zv4y1U2VUVwp7uovmEa6yha5kPX&passive=1209600&oauth=1&sarp=1&scc=1&xsrfsig=AHgIfE9cUeYyW-9yMuxnag3Kf8hxf6cWCg
[CEF] Unrecognized Content-Security-Policy directive 'base-uri'.
 in about:blank
[CEF] Unrecognized Content-Security-Policy directive 'base-uri'.
 in about:blank
[CEF] Unrecognized Content-Security-Policy directive 'base-uri'.
 in about:blank
[CEF] 'KeyboardEvent.keyLocation' is deprecated. Please use 'KeyboardEvent.location' instead.
[CEF] Unrecognized Content-Security-Policy directive 'base-uri'.
 in about:blank
[CEF] Unrecognized Content-Security-Policy directive 'base-uri'.
 in about:blank
[CEF] Unrecognized Content-Security-Policy directive 'base-uri'.
 in about:blank
[CEF] Uncaught TypeError: Cannot read property 'addEventListener' of undefined in https://api.unity.com/v1/oauth2/authorize?cid=6172abb3-5842-4573-80d5-5254d520e4d0011f&event=next

LICENSE SYSTEM [2017112 17:43:10] Starting license activation with account gazimum@gmail.com


LICENSE SYSTEM [2017112 17:43:10] Opening https://license.unity3d.com/update/poll?cmd=9&tx_id=5f5dcd075afb846a58aae776f78e17df


LICENSE SYSTEM [2017112 17:43:10] Posting <?xml version="1.0" encoding="UTF-8"?><root><SystemInfo><IsoCode>ja</IsoCode><UserName>nsi</UserName><OperatingSystem>Linux 4.4 Ubuntu 16.04 64bit</OperatingSystem><OperatingSystemNumeric>404</OperatingSystemNumeric><ProcessorType>Intel(R) Core(TM) i5-2520M CPU @ 2.50GHz</ProcessorType><ProcessorSpeed>3000</ProcessorSpeed><ProcessorCount>4</ProcessorCount><ProcessorCores>4</ProcessorCores><PhysicalMemoryMB>7894</PhysicalMemoryMB><ComputerName>nsi-pc</ComputerName><ComputerModel>PC</ComputerModel><UnityVersion>2017.2.0b11</UnityVersion><SupportedLicenseVersion>6.x</SupportedLicenseVersion></SystemInfo><License id="Terms"><MachineID Value="37sincHF6hzN71BtRNUL5evaob4=" /><MachineBindings><Binding Key="1" Value="bc3cd399f8e14ec1824e8f079ba86bff" /><Binding Key="2" Value="bc3cd399f8e14ec1824e8f079ba86bff" /></MachineBindings><UnityVersion Value="2017.2.0b11" /></License></root>


LICENSE SYSTEM [2017112 17:43:14] Received https://license.unity3d.com/update/poll?cmd=9&tx_id=5f5dcd075afb846a58aae776f78e17df

LICENSE SYSTEM [2017112 17:43:14] Headers:
    HTTP/1.1 200 OK
    Server: nginx/1.2.1
    Date: Thu, 02 Nov 2017 08:43:07 GMT
    Content-Type: application/xml; charset=utf-8
    Content-Length: 122
    Status: 200 OK
    X-Frame-Options: SAMEORIGIN
    X-XSS-Protection: 1; mode=block
    X-Content-Type-Options: nosniff
    ETag: W/"a59178a14cfbeec37e04f457756545dd"
    Cache-Control: max-age=0, private, must-revalidate
    Set-Cookie: _activation_session=aFhBOHZzTFFOUm4rbU5qR2k2NTNucEIzTEhGZythTS9rQk5wOCtkUWlFU0VTWWxYMWNBMmMvVWRpcUEyMzRSRlhmeEpvNCtKcHQ4NlFFNWNhWWRxUUtyRFZhTDdZTTE2dGkxbmJ6a0VjTEQvL1VhSEllNWRlakxCTmNEN1BIVjJzZCttMWt3cUhXMFVpeGNSSTBWUVhnPT0tLUNqancwVzhjZ3lLK0o4MXYyOGNodUE9PQ%3D%3D--cbe4bdf887c49b1787dfa5a5a84e0609209de4aa; path=/; secure; HttpOnly
    X-Request-Id: 99490277-820a-4423-ac55-41cc86a756d3
    X-Runtime: 0.157344
    Accept-Ranges: bytes
    X-Varnish: 718633857
    Age: 0
    Via: 1.1 varnish
    Set-Cookie: SERVERID=varnish02; path=/
    


LICENSE SYSTEM [2017112 17:45:42] Opening https://activation.unity3d.com/license.fcgi?CMD=9&TX=5f5dcd075afb846a58aae776f78e17df&RX=1bc2a8a3db604e6ebe60c9c90d6ca76a5507489b


LICENSE SYSTEM [2017112 17:45:42] Posting <?xml version="1.0" encoding="UTF-8"?><root><SystemInfo><IsoCode>ja</IsoCode><UserName>nsi</UserName><OperatingSystem>Linux 4.4 Ubuntu 16.04 64bit</OperatingSystem><OperatingSystemNumeric>404</OperatingSystemNumeric><ProcessorType>Intel(R) Core(TM) i5-2520M CPU @ 2.50GHz</ProcessorType><ProcessorSpeed>3000</ProcessorSpeed><ProcessorCount>4</ProcessorCount><ProcessorCores>4</ProcessorCores><PhysicalMemoryMB>7894</PhysicalMemoryMB><ComputerName>nsi-pc</ComputerName><ComputerModel>PC</ComputerModel><UnityVersion>2017.2.0b11</UnityVersion><SupportedLicenseVersion>6.x</SupportedLicenseVersion></SystemInfo><License id="Terms"><MachineID Value="37sincHF6hzN71BtRNUL5evaob4=" /><MachineBindings><Binding Key="1" Value="bc3cd399f8e14ec1824e8f079ba86bff" /><Binding Key="2" Value="bc3cd399f8e14ec1824e8f079ba86bff" /></MachineBindings><UnityVersion Value="2017.2.0b11" /></License></root>


LICENSE SYSTEM [2017112 17:45:44] Received https://activation.unity3d.com/license.fcgi?CMD=9&TX=5f5dcd075afb846a58aae776f78e17df&RX=1bc2a8a3db604e6ebe60c9c90d6ca76a5507489b

LICENSE SYSTEM [2017112 17:45:44] Headers:
    HTTP/1.1 200 OK
    Server: nginx/1.2.1
    Date: Thu, 02 Nov 2017 08:45:39 GMT
    Content-Type: text/xml; charset=ISO-8859-1
    Content-Length: 1976
    Accept-Ranges: bytes
    X-Varnish: 718683330
    Age: 0
    Via: 1.1 varnish
    Set-Cookie: SERVERID=varnish02; path=/
    


LICENSE SYSTEM [2017112 17:45:44] License activated successfully with user: gazimum@gmail.com 


LICENSE SYSTEM [2017112 17:45:44] No start/stop license dates set

LICENSE SYSTEM [2017112 17:45:44] Next license update check is after 2017-11-03T08:45:39

[1102/174557:ERROR:browser_main_loop.cc(207)] Gtk: IA__gtk_widget_get_window: assertion 'GTK_IS_WIDGET (widget)' failed
[1102/174557:ERROR:browser_main_loop.cc(207)] Gtk: IA__gtk_widget_get_window: assertion 'GTK_IS_WIDGET (widget)' failed
events.js:160
      throw er; // Unhandled 'error' event
      ^

Error: write EPIPE
    at exports._errnoException (util.js:1022:11)
    at WriteWrap.afterWrite (net.js:801:14)
